        -:    0:Source:main.c
        -:    0:Graph:main.gcno
        -:    0:Data:main.gcda
        -:    0:Runs:1
        -:    0:Programs:1
        -:    1:#include <stdio.h>
        -:    2:#include "main.h"
        -:    3:
        1:    4:int solve(int k) {
        1:    5:  int b = (k - 1) / 3;
        1:    6:  int actualNum = 100 + b;
        -:    7:
        1:    8:  if (k % 3 == 1) {
    #####:    9:    return actualNum / 100;
        1:   10:  } else if (k % 3 == 2) {
        1:   11:    return actualNum / 10 % 10;
        -:   12:  } else {
    #####:   13:    return actualNum % 10;
        -:   14:  }
        1:   15:}
        -:   16:
        1:   17:int main() {
        -:   18:  int k;
        1:   19:  printf("%s", "Enter the index\n");
        1:   20:  scanf("%d", &k);
        1:   21:  printf("%d\n", solve(k));
        1:   22:}
